<testsuite name="Mocha Tests" tests="3" failures="0" errors="0" skipped="0" timestamp="Mon, 30 May 2022 20:54:33 GMT" time="20.101">
<testcase classname="Givers Chain Transfers:Before swapAndLiquify is enabled" name="Should transfer with no fee for excluded accounts " time="0.312"/>
<testcase classname="Givers Chain Transfers:Before swapAndLiquify is enabled" name="Should transfer with fee for included accounts " time="0.173"/>
<testcase classname="Givers Chain Transfers:Before swapAndLiquify is enabled" name="Should not send fee to Charity and marketing wallet" time="0.072"/>
</testsuite>
